#
# There is insufficient memory for the Java Runtime Environment to continue.
# Native memory allocation (malloc) failed to allocate 1006096 bytes for Chunk::new
# Possible reasons:
#   The system is out of physical RAM or swap space
#   In 32 bit mode, the process size limit was hit
# Possible solutions:
#   Reduce memory load on the system
#   Increase physical memory or swap space
#   Check if swap backing store is full
#   Use 64 bit Java on a 64 bit OS
#   Decrease Java heap size (-Xmx/-Xms)
#   Decrease number of Java threads
#   Decrease Java thread stack sizes (-Xss)
#   Set larger code cache with -XX:ReservedCodeCacheSize=
# This output file may be truncated or incomplete.
#
#  Out of Memory Error (allocation.cpp:390), pid=12512, tid=0x0000000000003258
#
# JRE version: OpenJDK Runtime Environment (8.0_152-b01) (build 1.8.0_152-release-915-b01)
# Java VM: OpenJDK 64-Bit Server VM (25.152-b01 mixed mode windows-amd64 compressed oops)
# Failed to write core dump. Minidumps are not enabled by default on client versions of Windows
#

---------------  T H R E A D  ---------------

Current thread (0x0000000018d1c800):  JavaThread "C2 CompilerThread0" daemon [_thread_in_native, id=12888, stack(0x000000001a470000,0x000000001a570000)]

Stack: [0x000000001a470000,0x000000001a570000]
[error occurred during error reporting (printing stack bounds), id 0xc0000005]

Native frames: (J=compiled Java code, j=interpreted, Vv=VM code, C=native code)


Current CompileTask:
C2:3749757 17891       4       com.android.utils.PositionXmlParser::getPositionHelper (757 bytes)


---------------  P R O C E S S  ---------------

Java Threads: ( => current thread )
  0x0000000020e9b000 JavaThread "stdout" daemon [_thread_in_native, id=4792, stack(0x0000000034360000,0x0000000034460000)]
  0x0000000020e97000 JavaThread "stderr" daemon [_thread_in_native, id=3412, stack(0x0000000034260000,0x0000000034360000)]
  0x000000001a8b4000 JavaThread "stdout" daemon [_thread_in_native, id=1928, stack(0x0000000034160000,0x0000000034260000)]
  0x000000001a8b9800 JavaThread "stderr" daemon [_thread_in_native, id=8400, stack(0x0000000034060000,0x0000000034160000)]
  0x000000001a8bb000 JavaThread "stdout" daemon [_thread_in_native, id=6388, stack(0x0000000033f60000,0x0000000034060000)]
  0x000000001a8b8800 JavaThread "stderr" daemon [_thread_in_native, id=1260, stack(0x0000000033e60000,0x0000000033f60000)]
  0x000000001a8b8000 JavaThread "stdout" daemon [_thread_in_native, id=4248, stack(0x0000000033d60000,0x0000000033e60000)]
  0x000000001a8b5000 JavaThread "stderr" daemon [_thread_in_native, id=10044, stack(0x0000000033c60000,0x0000000033d60000)]
  0x000000001a8ac000 JavaThread "queued-resource-processor_36" daemon [_thread_blocked, id=8364, stack(0x0000000033b60000,0x0000000033c60000)]
  0x000000001a8b2800 JavaThread "queued-resource-processor_35" daemon [_thread_blocked, id=8072, stack(0x0000000033a60000,0x0000000033b60000)]
  0x000000001a8b0800 JavaThread "queued-resource-processor_34" daemon [_thread_blocked, id=608, stack(0x0000000033960000,0x0000000033a60000)]
  0x000000001a8ae000 JavaThread "queued-resource-processor_33" daemon [_thread_blocked, id=632, stack(0x0000000033860000,0x0000000033960000)]
  0x0000000020e9a000 JavaThread "Task worker for ':' Thread 3" [_thread_blocked, id=6516, stack(0x0000000032a60000,0x0000000032b60000)]
  0x0000000020e96800 JavaThread "Task worker for ':' Thread 2" [_thread_blocked, id=4600, stack(0x0000000032960000,0x0000000032a60000)]
  0x0000000020e9b800 JavaThread "Task worker for ':'" [_thread_blocked, id=1696, stack(0x0000000032860000,0x0000000032960000)]
  0x0000000020e99800 JavaThread "Cache worker for Build Output Cleanup Cache (D:\AndroidApps\UkulimaIQ\.gradle\buildOutputCleanup)" [_thread_blocked, id=11356, stack(0x0000000032760000,0x0000000032860000)]
  0x0000000020e98000 JavaThread "Cache worker for task history cache (D:\AndroidApps\UkulimaIQ\.gradle\4.4\taskHistory)" [_thread_blocked, id=5780, stack(0x0000000032660000,0x0000000032760000)]
  0x000000001e02b800 JavaThread "build operations Thread 4" [_thread_blocked, id=8520, stack(0x0000000032560000,0x0000000032660000)]
  0x000000001e02b000 JavaThread "build operations Thread 3" [_thread_blocked, id=6596, stack(0x0000000032460000,0x0000000032560000)]
  0x000000001e031000 JavaThread "build operations Thread 2" [_thread_blocked, id=13160, stack(0x0000000032360000,0x0000000032460000)]
  0x000000001e030000 JavaThread "build operations" [_thread_blocked, id=9472, stack(0x0000000032260000,0x0000000032360000)]
  0x000000001e02e800 JavaThread "Cache worker for Artifact transforms cache (C:\Users\Pondi Brian\.gradle\caches\transforms-1)" [_thread_blocked, id=8032, stack(0x0000000032160000,0x0000000032260000)]
  0x000000001e02c800 JavaThread "Cache worker for file hash cache (D:\AndroidApps\UkulimaIQ\.gradle\4.4\fileHashes)" [_thread_blocked, id=4856, stack(0x0000000032060000,0x0000000032160000)]
  0x000000001e023800 JavaThread "Stdin handler" [_thread_blocked, id=7344, stack(0x0000000031f60000,0x0000000032060000)]
  0x000000001e028000 JavaThread "Asynchronous log dispatcher for DefaultDaemonConnection: socket connection from /127.0.0.1:55208 to /127.0.0.1:55741" [_thread_blocked, id=10820, stack(0x0000000031e60000,0x0000000031f60000)]
  0x000000001e027000 JavaThread "Cancel handler" [_thread_blocked, id=13232, stack(0x0000000031d60000,0x0000000031e60000)]
  0x000000001e026800 JavaThread "Handler for socket connection from /127.0.0.1:55208 to /127.0.0.1:55741" [_thread_in_native, id=8464, stack(0x0000000031c60000,0x0000000031d60000)]
  0x000000001e024000 JavaThread "Daemon worker Thread 5" [_thread_blocked, id=848, stack(0x0000000031360000,0x0000000031460000)]
  0x000000001e02a000 JavaThread "Daemon Thread 5" [_thread_blocked, id=920, stack(0x0000000031060000,0x0000000031160000)]
  0x000000001a8af000 JavaThread "Memory manager" [_thread_blocked, id=13308, stack(0x0000000023e40000,0x0000000023f40000)]
  0x000000001a8b2000 JavaThread "pool-1-thread-1" [_thread_blocked, id=540, stack(0x0000000023b40000,0x0000000023c40000)]
  0x000000001ca8b800 JavaThread "File lock request listener" [_thread_in_native, id=8912, stack(0x0000000020200000,0x0000000020300000)]
  0x000000001e5ef800 JavaThread "Cache worker for file hash cache (C:\Users\Pondi Brian\.gradle\caches\4.4\fileHashes)" [_thread_blocked, id=2108, stack(0x0000000020100000,0x0000000020200000)]
  0x000000001ccd5800 JavaThread "Daemon periodic checks" [_thread_blocked, id=6968, stack(0x000000001d660000,0x000000001d760000)]
  0x000000001c85a000 JavaThread "Incoming local TCP Connector on port 55208" [_thread_in_native, id=10144, stack(0x000000001d420000,0x000000001d520000)]
  0x0000000018d7c000 JavaThread "Service Thread" daemon [_thread_blocked, id=3348, stack(0x000000001ab70000,0x000000001ac70000)]
  0x0000000018d5b000 JavaThread "C1 CompilerThread2" daemon [_thread_blocked, id=3076, stack(0x000000001a670000,0x000000001a770000)]
  0x0000000018d3e800 JavaThread "C2 CompilerThread1" daemon [_thread_blocked, id=5828, stack(0x000000001a570000,0x000000001a670000)]
=>0x0000000018d1c800 JavaThread "C2 CompilerThread0" daemon [_thread_in_native, id=12888, stack(0x000000001a470000,0x000000001a570000)]
  0x0000000018d1b000 JavaThread "Attach Listener" daemon [_thread_blocked, id=9468, stack(0x000000001a370000,0x000000001a470000)]
  0x0000000018d1a000 JavaThread "Signal Dispatcher" daemon [_thread_blocked, id=7352, stack(0x000000001a270000,0x000000001a370000)]
  0x00000000053ac800 JavaThread "Finalizer" daemon [_thread_blocked, id=6080, stack(0x0000000019f80000,0x000000001a080000)]
  0x00000000053a1800 JavaThread "Reference Handler" daemon [_thread_blocked, id=7532, stack(0x0000000019e80000,0x0000000019f80000)]
  0x00000000052ae800 JavaThread "main" [_thread_blocked, id=9176, stack(0x0000000005100000,0x0000000005200000)]

Other Threads:
  0x0000000018ce5800 VMThread [stack: 0x0000000019d80000,0x0000000019e80000] [id=8420]
  0x000000001a788800 WatcherThread [stack: 0x000000001ac70000,0x000000001ad70000] [id=12052]

VM state:not at safepoint (normal execution)

VM Mutex/Monitor currently owned by a thread: None

Heap:
 PSYoungGen      total 438784K, used 294479K [0x00000000e0000000, 0x00000000fec00000, 0x0000000100000000)
  eden space 391168K, 72% used [0x00000000e0000000,0x00000000f1581720,0x00000000f7e00000)
  from space 47616K, 21% used [0x00000000fbd80000,0x00000000fc792750,0x00000000fec00000)
  to   space 56320K, 0% used [0x00000000f7e00000,0x00000000f7e00000,0x00000000fb500000)
 ParOldGen       total 156160K, used 118849K [0x00000000a0000000, 0x00000000a9880000, 0x00000000e0000000)
  object space 156160K, 76% used [0x00000000a0000000,0x00000000a74105d8,0x00000000a9880000)
 Metaspace       used 83279K, capacity 88676K, committed 88960K, reserved 1126400K
  class space    used 10906K, capacity 12129K, committed 12160K, reserved 1048576K

Card table byte_map: [0x0000000014770000,0x0000000014a80000] byte_map_base: 0x0000000014270000

Marking Bits: (ParMarkBitMap*) 0x0000000072a43950
 Begin Bits: [0x0000000015080000, 0x0000000016880000)
 End Bits:   [0x0000000016880000, 0x0000000018080000)

Polling page: 0x00000000038e0000

CodeCache: size=245760Kb used=48615Kb max_used=49086Kb free=197144Kb
 bounds [0x00000000053b0000, 0x00000000083f0000, 0x00000000143b0000]
 total_blobs=15151 nmethods=14307 adapters=756
 compilation: enabled

Compilation events (10 events):
Event: 3749.331 Thread 0x0000000018d3e800 17918       4       java.nio.file.FileTreeIterator::fetchNextIfNeeded (65 bytes)
Event: 3749.333 Thread 0x0000000018d3e800 nmethod 17918 0x0000000005e9c3d0 code [0x0000000005e9c520, 0x0000000005e9c638]
Event: 3749.333 Thread 0x0000000018d3e800 17919       4       java.util.stream.ReferencePipeline$2$1::accept (27 bytes)
Event: 3749.334 Thread 0x0000000018d3e800 nmethod 17919 0x0000000005fe4990 code [0x0000000005fe4ae0, 0x0000000005fe4b98]
Event: 3749.336 Thread 0x0000000018d3e800 17920       4       java.io.OutputStreamWriter::write (9 bytes)
Event: 3749.337 Thread 0x0000000018d3e800 nmethod 17920 0x0000000006204b50 code [0x0000000006204ca0, 0x0000000006204dc8]
Event: 3749.337 Thread 0x0000000018d3e800 17921       4       sun.nio.cs.StreamEncoder::write (37 bytes)
Event: 3749.340 Thread 0x0000000018d3e800 nmethod 17921 0x0000000007ba1010 code [0x0000000007ba1160, 0x0000000007ba1428]
Event: 3749.348 Thread 0x0000000018d3e800 17922       4       java.io.OutputStreamWriter::write (11 bytes)
Event: 3749.351 Thread 0x0000000018d3e800 nmethod 17922 0x0000000006df7150 code [0x0000000006df72a0, 0x0000000006df75c8]

GC Heap History (10 events):
Event: 3185.508 GC heap before
{Heap before GC invocations=15 (full 3):
 PSYoungGen      total 241152K, used 240740K [0x00000000e0000000, 0x00000000f5580000, 0x0000000100000000)
  eden space 222208K, 100% used [0x00000000e0000000,0x00000000ed900000,0x00000000ed900000)
  from space 18944K, 97% used [0x00000000f2380000,0x00000000f35990c8,0x00000000f3600000)
  to   space 30208K, 0% used [0x00000000f3800000,0x00000000f3800000,0x00000000f5580000)
 ParOldGen       total 156160K, used 48585K [0x00000000a0000000, 0x00000000a9880000, 0x00000000e0000000)
  object space 156160K, 31% used [0x00000000a0000000,0x00000000a2f72560,0x00000000a9880000)
 Metaspace       used 78784K, capacity 82890K, committed 83072K, reserved 1120256K
  class space    used 10370K, capacity 11319K, committed 11392K, reserved 1048576K
Event: 3185.578 GC heap after
Heap after GC invocations=15 (full 3):
 PSYoungGen      total 244736K, used 30197K [0x00000000e0000000, 0x00000000f5580000, 0x0000000100000000)
  eden space 214528K, 0% used [0x00000000e0000000,0x00000000e0000000,0x00000000ed180000)
  from space 30208K, 99% used [0x00000000f3800000,0x00000000f557d438,0x00000000f5580000)
  to   space 46592K, 0% used [0x00000000efa80000,0x00000000efa80000,0x00000000f2800000)
 ParOldGen       total 156160K, used 80805K [0x00000000a0000000, 0x00000000a9880000, 0x00000000e0000000)
  object space 156160K, 51% used [0x00000000a0000000,0x00000000a4ee94f0,0x00000000a9880000)
 Metaspace       used 78784K, capacity 82890K, committed 83072K, reserved 1120256K
  class space    used 10370K, capacity 11319K, committed 11392K, reserved 1048576K
}
Event: 3187.525 GC heap before
{Heap before GC invocations=16 (full 3):
 PSYoungGen      total 244736K, used 243996K [0x00000000e0000000, 0x00000000f5580000, 0x0000000100000000)
  eden space 214528K, 99% used [0x00000000e0000000,0x00000000ed0c9e40,0x00000000ed180000)
  from space 30208K, 99% used [0x00000000f3800000,0x00000000f557d438,0x00000000f5580000)
  to   space 46592K, 0% used [0x00000000efa80000,0x00000000efa80000,0x00000000f2800000)
 ParOldGen       total 156160K, used 80805K [0x00000000a0000000, 0x00000000a9880000, 0x00000000e0000000)
  object space 156160K, 51% used [0x00000000a0000000,0x00000000a4ee94f0,0x00000000a9880000)
 Metaspace       used 80655K, capacity 84864K, committed 85120K, reserved 1122304K
  class space    used 10598K, capacity 11548K, committed 11648K, reserved 1048576K
Event: 3187.592 GC heap after
Heap after GC invocations=16 (full 3):
 PSYoungGen      total 303104K, used 46584K [0x00000000e0000000, 0x00000000f7700000, 0x0000000100000000)
  eden space 256512K, 0% used [0x00000000e0000000,0x00000000e0000000,0x00000000efa80000)
  from space 46592K, 99% used [0x00000000efa80000,0x00000000f27fe0a8,0x00000000f2800000)
  to   space 55808K, 0% used [0x00000000f4080000,0x00000000f4080000,0x00000000f7700000)
 ParOldGen       total 156160K, used 84737K [0x00000000a0000000, 0x00000000a9880000, 0x00000000e0000000)
  object space 156160K, 54% used [0x00000000a0000000,0x00000000a52c0758,0x00000000a9880000)
 Metaspace       used 80655K, capacity 84864K, committed 85120K, reserved 1122304K
  class space    used 10598K, capacity 11548K, committed 11648K, reserved 1048576K
}
Event: 3187.661 GC heap before
{Heap before GC invocations=17 (full 3):
 PSYoungGen      total 303104K, used 302864K [0x00000000e0000000, 0x00000000f7700000, 0x0000000100000000)
  eden space 256512K, 99% used [0x00000000e0000000,0x00000000efa46188,0x00000000efa80000)
  from space 46592K, 99% used [0x00000000efa80000,0x00000000f27fe0a8,0x00000000f2800000)
  to   space 55808K, 0% used [0x00000000f4080000,0x00000000f4080000,0x00000000f7700000)
 ParOldGen       total 156160K, used 84737K [0x00000000a0000000, 0x00000000a9880000, 0x00000000e0000000)
  object space 156160K, 54% used [0x00000000a0000000,0x00000000a52c0758,0x00000000a9880000)
 Metaspace       used 80661K, capacity 84864K, committed 85120K, reserved 1122304K
  class space    used 10598K, capacity 11548K, committed 11648K, reserved 1048576K
Event: 3187.699 GC heap after
Heap after GC invocations=17 (full 3):
 PSYoungGen      total 324608K, used 41205K [0x00000000e0000000, 0x00000000fee00000, 0x0000000100000000)
  eden space 268800K, 0% used [0x00000000e0000000,0x00000000e0000000,0x00000000f0680000)
  from space 55808K, 73% used [0x00000000f4080000,0x00000000f68bd600,0x00000000f7700000)
  to   space 59392K, 0% used [0x00000000f0680000,0x00000000f0680000,0x00000000f4080000)
 ParOldGen       total 156160K, used 88077K [0x00000000a0000000, 0x00000000a9880000, 0x00000000e0000000)
  object space 156160K, 56% used [0x00000000a0000000,0x00000000a5603440,0x00000000a9880000)
 Metaspace       used 80661K, capacity 84864K, committed 85120K, reserved 1122304K
  class space    used 10598K, capacity 11548K, committed 11648K, reserved 1048576K
}
Event: 3374.928 GC heap before
{Heap before GC invocations=18 (full 3):
 PSYoungGen      total 324608K, used 310005K [0x00000000e0000000, 0x00000000fee00000, 0x0000000100000000)
  eden space 268800K, 100% used [0x00000000e0000000,0x00000000f0680000,0x00000000f0680000)
  from space 55808K, 73% used [0x00000000f4080000,0x00000000f68bd600,0x00000000f7700000)
  to   space 59392K, 0% used [0x00000000f0680000,0x00000000f0680000,0x00000000f4080000)
 ParOldGen       total 156160K, used 88077K [0x00000000a0000000, 0x00000000a9880000, 0x00000000e0000000)
  object space 156160K, 56% used [0x00000000a0000000,0x00000000a5603440,0x00000000a9880000)
 Metaspace       used 81828K, capacity 86408K, committed 86656K, reserved 1124352K
  class space    used 10758K, capacity 11790K, committed 11904K, reserved 1048576K
Event: 3374.966 GC heap after
Heap after GC invocations=18 (full 3):
 PSYoungGen      total 328192K, used 13938K [0x00000000e0000000, 0x00000000ff580000, 0x0000000100000000)
  eden space 268800K, 0% used [0x00000000e0000000,0x00000000e0000000,0x00000000f0680000)
  from space 59392K, 23% used [0x00000000f0680000,0x00000000f141c858,0x00000000f4080000)
  to   space 57344K, 0% used [0x00000000fbd80000,0x00000000fbd80000,0x00000000ff580000)
 ParOldGen       total 156160K, used 112602K [0x00000000a0000000, 0x00000000a9880000, 0x00000000e0000000)
  object space 156160K, 72% used [0x00000000a0000000,0x00000000a6df69b0,0x00000000a9880000)
 Metaspace       used 81828K, capacity 86408K, committed 86656K, reserved 1124352K
  class space    used 10758K, capacity 11790K, committed 11904K, reserved 1048576K
}
Event: 3551.728 GC heap before
{Heap before GC invocations=19 (full 3):
 PSYoungGen      total 328192K, used 282615K [0x00000000e0000000, 0x00000000ff580000, 0x0000000100000000)
  eden space 268800K, 99% used [0x00000000e0000000,0x00000000f0661458,0x00000000f0680000)
  from space 59392K, 23% used [0x00000000f0680000,0x00000000f141c858,0x00000000f4080000)
  to   space 57344K, 0% used [0x00000000fbd80000,0x00000000fbd80000,0x00000000ff580000)
 ParOldGen       total 156160K, used 112602K [0x00000000a0000000, 0x00000000a9880000, 0x00000000e0000000)
  object space 156160K, 72% used [0x00000000a0000000,0x00000000a6df69b0,0x00000000a9880000)
 Metaspace       used 82177K, capacity 86838K, committed 86912K, reserved 1124352K
  class space    used 10774K, capacity 11839K, committed 11904K, reserved 1048576K
Event: 3551.742 GC heap after
Heap after GC invocations=19 (full 3):
 PSYoungGen      total 438784K, used 10313K [0x00000000e0000000, 0x00000000fec00000, 0x0000000100000000)
  eden space 391168K, 0% used [0x00000000e0000000,0x00000000e0000000,0x00000000f7e00000)
  from space 47616K, 21% used [0x00000000fbd80000,0x00000000fc792750,0x00000000fec00000)
  to   space 56320K, 0% used [0x00000000f7e00000,0x00000000f7e00000,0x00000000fb500000)
 ParOldGen       total 156160K, used 118849K [0x00000000a0000000, 0x00000000a9880000, 0x00000000e0000000)
  object space 156160K, 76% used [0x00000000a0000000,0x00000000a74105d8,0x00000000a9880000)
 Metaspace       used 82177K, capacity 86838K, committed 86912K, reserved 1124352K
  class space    used 10774K, capacity 11839K, committed 11904K, reserved 1048576K
}

Deoptimization events (10 events):
Event: 3741.864 Thread 0x0000000020e9a000 Uncommon trap: reason=array_check action=maybe_recompile pc=0x0000000008393a48 method=java.util.TimSort.reverseRange([Ljava/lang/Object;II)V @ 20
Event: 3741.989 Thread 0x0000000020e9a000 Uncommon trap: reason=array_check action=maybe_recompile pc=0x0000000008393a48 method=java.util.TimSort.reverseRange([Ljava/lang/Object;II)V @ 20
Event: 3748.801 Thread 0x0000000020e9b000 Uncommon trap: reason=bimorphic action=maybe_recompile pc=0x0000000007a8c410 method=java.io.PrintStream.write([BII)V @ 16
Event: 3748.816 Thread 0x0000000020e9b000 Uncommon trap: reason=bimorphic action=maybe_recompile pc=0x0000000007a8c410 method=java.io.PrintStream.write([BII)V @ 16
Event: 3748.817 Thread 0x0000000020e9b000 Uncommon trap: reason=class_check action=maybe_recompile pc=0x0000000006d64bf4 method=org.gradle.internal.logging.sink.OutputEventRenderer$4.onOutput(Lorg/gradle/internal/logging/events/OutputEvent;)V @ 11
Event: 3748.818 Thread 0x0000000020e9b000 Uncommon trap: reason=bimorphic action=maybe_recompile pc=0x0000000007a8c410 method=java.io.PrintStream.write([BII)V @ 16
Event: 3748.818 Thread 0x0000000020e9b000 Uncommon trap: reason=class_check action=maybe_recompile pc=0x0000000006d64bf4 method=org.gradle.internal.logging.sink.OutputEventRenderer$4.onOutput(Lorg/gradle/internal/logging/events/OutputEvent;)V @ 11
Event: 3748.818 Thread 0x0000000020e9b000 Uncommon trap: reason=bimorphic action=maybe_recompile pc=0x0000000007a8c410 method=java.io.PrintStream.write([BII)V @ 16
Event: 3748.818 Thread 0x0000000020e9b000 Uncommon trap: reason=class_check action=maybe_recompile pc=0x0000000006d64bf4 method=org.gradle.internal.logging.sink.OutputEventRenderer$4.onOutput(Lorg/gradle/internal/logging/events/OutputEvent;)V @ 11
Event: 3748.818 Thread 0x0000000020e9b000 Uncommon trap: reason=class_check action=maybe_recompile pc=0x0000000006d64bf4 method=org.gradle.internal.logging.sink.OutputEventRenderer$4.onOutput(Lorg/gradle/internal/logging/events/OutputEvent;)V @ 11

Classes redefined (0 events):
No events

Internal exceptions (10 events):
Event: 3740.339 Thread 0x000000001e024000 Exception <a 'sun/nio/fs/WindowsException'> (0x00000000eb9d2180) thrown at [D:\src\AOSP-openjdk-cygwin\jdk8u\hotspot\src\share\vm\prims\jni.cpp, line 709]
Event: 3740.339 Thread 0x000000001e024000 Exception <a 'sun/nio/fs/WindowsException'> (0x00000000eb9d3010) thrown at [D:\src\AOSP-openjdk-cygwin\jdk8u\hotspot\src\share\vm\prims\jni.cpp, line 709]
Event: 3740.339 Thread 0x000000001e024000 Exception <a 'sun/nio/fs/WindowsException'> (0x00000000eb9d6c58) thrown at [D:\src\AOSP-openjdk-cygwin\jdk8u\hotspot\src\share\vm\prims\jni.cpp, line 709]
Event: 3740.339 Thread 0x000000001e024000 Exception <a 'sun/nio/fs/WindowsException'> (0x00000000eb9d7ad8) thrown at [D:\src\AOSP-openjdk-cygwin\jdk8u\hotspot\src\share\vm\prims\jni.cpp, line 709]
Event: 3740.339 Thread 0x000000001e024000 Exception <a 'sun/nio/fs/WindowsException'> (0x00000000eb9d9d70) thrown at [D:\src\AOSP-openjdk-cygwin\jdk8u\hotspot\src\share\vm\prims\jni.cpp, line 709]
Event: 3740.339 Thread 0x000000001e024000 Exception <a 'sun/nio/fs/WindowsException'> (0x00000000eb9dac28) thrown at [D:\src\AOSP-openjdk-cygwin\jdk8u\hotspot\src\share\vm\prims\jni.cpp, line 709]
Event: 3740.340 Thread 0x000000001e024000 Exception <a 'sun/nio/fs/WindowsException'> (0x00000000eb9ddf68) thrown at [D:\src\AOSP-openjdk-cygwin\jdk8u\hotspot\src\share\vm\prims\jni.cpp, line 709]
Event: 3740.340 Thread 0x000000001e024000 Exception <a 'sun/nio/fs/WindowsException'> (0x00000000eb9dee10) thrown at [D:\src\AOSP-openjdk-cygwin\jdk8u\hotspot\src\share\vm\prims\jni.cpp, line 709]
Event: 3740.340 Thread 0x000000001e024000 Exception <a 'sun/nio/fs/WindowsException'> (0x00000000eb9e10d0) thrown at [D:\src\AOSP-openjdk-cygwin\jdk8u\hotspot\src\share\vm\prims\jni.cpp, line 709]
Event: 3740.340 Thread 0x000000001e024000 Exception <a 'sun/nio/fs/WindowsException'> (0x00000000eb9e1fb0) thrown at [D:\src\AOSP-openjdk-cygwin\jdk8u\hotspot\src\share\vm\prims\jni.cpp, line 709]

Events (10 events):
Event: 3749.209 Thread 0x000000001a8b5000 Thread added: 0x000000001a8b5000
Event: 3749.209 Thread 0x000000001a8b8000 Thread added: 0x000000001a8b8000
Event: 3749.211 Thread 0x000000001a8b8800 Thread added: 0x000000001a8b8800
Event: 3749.211 Thread 0x000000001a8bb000 Thread added: 0x000000001a8bb000
Event: 3749.213 Thread 0x000000001a8b9800 Thread added: 0x000000001a8b9800
Event: 3749.213 Thread 0x000000001a8b4000 Thread added: 0x000000001a8b4000
Event: 3749.235 Thread 0x0000000020e97000 Thread added: 0x0000000020e97000
Event: 3749.235 Thread 0x0000000020e9b000 Thread added: 0x0000000020e9b000
Event: 3749.328 Executing VM operation: RevokeBias
Event: 3749.328 Executing VM operation: RevokeBias done


Dynamic libraries:
0x00007ff70f380000 - 0x00007ff70f3b1000 	C:\Program Files\Android\Android Studio\jre\bin\java.exe
0x00007ffcf2e20000 - 0x00007ffcf3000000 	C:\WINDOWS\SYSTEM32\ntdll.dll
0x00007ffcf2c30000 - 0x00007ffcf2cde000 	C:\WINDOWS\System32\KERNEL32.DLL
0x00007ffcefc70000 - 0x00007ffcefed6000 	C:\WINDOWS\System32\KERNELBASE.dll
0x00007ffcf02f0000 - 0x00007ffcf0391000 	C:\WINDOWS\System32\ADVAPI32.dll
0x00007ffcf2930000 - 0x00007ffcf29cd000 	C:\WINDOWS\System32\msvcrt.dll
0x00007ffcf29d0000 - 0x00007ffcf2a2b000 	C:\WINDOWS\System32\sechost.dll
0x00007ffcf07b0000 - 0x00007ffcf08cf000 	C:\WINDOWS\System32\RPCRT4.dll
0x00007ffcf2540000 - 0x00007ffcf26cf000 	C:\WINDOWS\System32\USER32.dll
0x00007ffcf02d0000 - 0x00007ffcf02f0000 	C:\WINDOWS\System32\win32u.dll
0x00007ffcf0470000 - 0x00007ffcf0498000 	C:\WINDOWS\System32\GDI32.dll
0x00007ffceff80000 - 0x00007ffcf0113000 	C:\WINDOWS\System32\gdi32full.dll
0x00007ffcefee0000 - 0x00007ffceff7b000 	C:\WINDOWS\System32\msvcp_win.dll
0x00007ffcf0120000 - 0x00007ffcf0216000 	C:\WINDOWS\System32\ucrtbase.dll
0x00007ffce7700000 - 0x00007ffce7969000 	C:\WINDOWS\WinSxS\amd64_microsoft.windows.common-controls_6595b64144ccf1df_6.0.16299.309_none_15cfd4c4935e6b11\COMCTL32.dll
0x00007ffcf04a0000 - 0x00007ffcf07a8000 	C:\WINDOWS\System32\combase.dll
0x00007ffcef4a0000 - 0x00007ffcef512000 	C:\WINDOWS\System32\bcryptPrimitives.dll
0x00007ffcf2db0000 - 0x00007ffcf2ddd000 	C:\WINDOWS\System32\IMM32.DLL
0x0000000073d00000 - 0x0000000073dd2000 	C:\Program Files\Android\Android Studio\jre\jre\bin\msvcr100.dll
0x0000000072280000 - 0x0000000072abe000 	C:\Program Files\Android\Android Studio\jre\jre\bin\server\jvm.dll
0x00007ffcf0e20000 - 0x00007ffcf0e28000 	C:\WINDOWS\System32\PSAPI.DLL
0x00007ffcebb20000 - 0x00007ffcebb43000 	C:\WINDOWS\SYSTEM32\WINMM.dll
0x00007ffcd7fa0000 - 0x00007ffcd7fa9000 	C:\WINDOWS\SYSTEM32\WSOCK32.dll
0x00007ffce91c0000 - 0x00007ffce91ca000 	C:\WINDOWS\SYSTEM32\VERSION.dll
0x00007ffcf2d40000 - 0x00007ffcf2dac000 	C:\WINDOWS\System32\WS2_32.dll
0x00007ffcebac0000 - 0x00007ffcebaea000 	C:\WINDOWS\SYSTEM32\WINMMBASE.dll
0x00007ffcef450000 - 0x00007ffcef49a000 	C:\WINDOWS\System32\cfgmgr32.dll
0x00007ffceca00000 - 0x00007ffceca0f000 	C:\Program Files\Android\Android Studio\jre\jre\bin\verify.dll
0x00007ffce6dd0000 - 0x00007ffce6df9000 	C:\Program Files\Android\Android Studio\jre\jre\bin\java.dll
0x00007ffce9980000 - 0x00007ffce9996000 	C:\Program Files\Android\Android Studio\jre\jre\bin\zip.dll
0x00007ffcf1100000 - 0x00007ffcf2536000 	C:\WINDOWS\System32\SHELL32.dll
0x00007ffcf2800000 - 0x00007ffcf28a6000 	C:\WINDOWS\System32\shcore.dll
0x00007ffcef520000 - 0x00007ffcefc67000 	C:\WINDOWS\System32\windows.storage.dll
0x00007ffcf2ce0000 - 0x00007ffcf2d31000 	C:\WINDOWS\System32\shlwapi.dll
0x00007ffcef1c0000 - 0x00007ffcef1d1000 	C:\WINDOWS\System32\kernel.appcore.dll
0x00007ffcef170000 - 0x00007ffcef1bc000 	C:\WINDOWS\System32\powrprof.dll
0x00007ffcef200000 - 0x00007ffcef21b000 	C:\WINDOWS\System32\profapi.dll
0x00007ffce6e10000 - 0x00007ffce6e2a000 	C:\Program Files\Android\Android Studio\jre\jre\bin\net.dll
0x0000000180000000 - 0x000000018006d000 	C:\WINDOWS\system32\LavasoftTcpService64.dll
0x00007ffcf0fa0000 - 0x00007ffcf10e9000 	C:\WINDOWS\System32\ole32.dll
0x00007ffcf03a0000 - 0x00007ffcf0465000 	C:\WINDOWS\System32\OLEAUT32.dll
0x00007ffceea00000 - 0x00007ffceea66000 	C:\WINDOWS\SYSTEM32\MSWSOCK.dll
0x00007ffcee790000 - 0x00007ffcee7c9000 	C:\WINDOWS\SYSTEM32\IPHLPAPI.DLL
0x00007ffcef070000 - 0x00007ffcef0a0000 	C:\WINDOWS\SYSTEM32\SspiCli.dll
0x00007ffce6c70000 - 0x00007ffce6c81000 	C:\Program Files\Android\Android Studio\jre\jre\bin\nio.dll
0x00007ffce6c10000 - 0x00007ffce6c2e000 	C:\Users\Pondi Brian\.gradle\native\25\windows-amd64\native-platform.dll
0x00007ffcecab0000 - 0x00007ffcecb45000 	C:\WINDOWS\system32\uxtheme.dll
0x00007ffcf0930000 - 0x00007ffcf09ce000 	C:\WINDOWS\System32\clbcatq.dll
0x00007ffceefd0000 - 0x00007ffcef06a000 	C:\WINDOWS\SYSTEM32\sxs.dll
0x00007ffcea8a0000 - 0x00007ffcea8ad000 	C:\Program Files\Android\Android Studio\jre\jre\bin\management.dll
0x00007ffceebc0000 - 0x00007ffceebd7000 	C:\WINDOWS\SYSTEM32\CRYPTSP.dll
0x00007ffcee600000 - 0x00007ffcee633000 	C:\WINDOWS\system32\rsaenh.dll
0x00007ffceecd0000 - 0x00007ffceecf5000 	C:\WINDOWS\SYSTEM32\bcrypt.dll
0x00007ffcef0a0000 - 0x00007ffcef0c9000 	C:\WINDOWS\SYSTEM32\USERENV.dll
0x00007ffceebe0000 - 0x00007ffceebeb000 	C:\WINDOWS\SYSTEM32\CRYPTBASE.dll
0x00007ffcf2de0000 - 0x00007ffcf2de8000 	C:\WINDOWS\System32\NSI.dll
0x00007ffce9090000 - 0x00007ffce90a6000 	C:\WINDOWS\SYSTEM32\dhcpcsvc6.DLL
0x00007ffce9070000 - 0x00007ffce908a000 	C:\WINDOWS\SYSTEM32\dhcpcsvc.DLL

VM Arguments:
jvm_args: -Xmx1536m -Dfile.encoding=windows-1252 -Duser.country=US -Duser.language=en -Duser.variant 
java_command: org.gradle.launcher.daemon.bootstrap.GradleDaemon 4.4
java_class_path (initial): C:\Users\Pondi Brian\.gradle\wrapper\dists\gradle-4.4-all\9br9xq1tocpiv8o6njlyu5op1\gradle-4.4\lib\gradle-launcher-4.4.jar
Launcher Type: SUN_STANDARD

Environment Variables:
PATH=C:\ProgramData\Oracle\Java\javapath;C:\Users\Bpondi\AppData\Local\Programs\Python\Python35\Lib\site-packages\PyQt5;c:\Windows\System32\;C:\Program Files (x86)\Google\Cloud SDK\google-cloud-sdk\bin;C:\Program Files (x86)\Skype\Phone\;C:\WINDOWS\system32;C:\WINDOWS;C:\WINDOWS\System32\Wbem;C:\WINDOWS\System32\WindowsPowerShell\v1.0\;C:\Program Files\nodejs\;C:\Program Files\Cloud Foundry;C:\Users\Pondi Brian\AppData\Local\Microsoft\WindowsApps;C:\Users\Pondi Brian\AppData\Local\GitHubDesktop\bin;C:\Users\Pondi Brian\AppData\Local\Microsoft\WindowsApps;C:\Users\Pondi Brian\AppData\Roaming\npm
USERNAME=Pondi Brian
OS=Windows_NT
PROCESSOR_IDENTIFIER=Intel64 Family 6 Model 78 Stepping 3, GenuineIntel



---------------  S Y S T E M  ---------------

OS: Windows 10.0 , 64 bit Build 16299 (10.0.16299.15)

CPU:total 4 (initial active 4) (2 cores per cpu, 2 threads per core) family 6 model 78 stepping 3, cmov, cx8, fxsr, mmx, sse, sse2, sse3, ssse3, sse4.1, sse4.2, popcnt, avx, avx2, aes, clmul, erms, rtm, 3dnowpref, lzcnt, ht, tsc, tscinvbit, bmi1, bmi2, adx

Memory: 4k page, physical 7785840k(1060848k free), swap 9676144k(780k free)

vm_info: OpenJDK 64-Bit Server VM (25.152-b01) for windows-amd64 JRE (1.8.0_152-release-915-b01), built by "builder" with MS VC++ 10.0 (VS2010)

time: Wed Apr 11 21:46:39 2018
elapsed time: 3749 seconds (0d 1h 2m 29s)

