#
# There is insufficient memory for the Java Runtime Environment to continue.
# Native memory allocation (malloc) failed to allocate 32744 bytes for ChunkPool::allocate
# Possible reasons:
#   The system is out of physical RAM or swap space
#   In 32 bit mode, the process size limit was hit
# Possible solutions:
#   Reduce memory load on the system
#   Increase physical memory or swap space
#   Check if swap backing store is full
#   Use 64 bit Java on a 64 bit OS
#   Decrease Java heap size (-Xmx/-Xms)
#   Decrease number of Java threads
#   Decrease Java thread stack sizes (-Xss)
#   Set larger code cache with -XX:ReservedCodeCacheSize=
# This output file may be truncated or incomplete.
#
#  Out of Memory Error (allocation.cpp:273), pid=6224, tid=0x0000000000002a90
#
# JRE version: OpenJDK Runtime Environment (8.0_152-b01) (build 1.8.0_152-release-915-b01)
# Java VM: OpenJDK 64-Bit Server VM (25.152-b01 mixed mode windows-amd64 compressed oops)
# Failed to write core dump. Minidumps are not enabled by default on client versions of Windows
#

---------------  T H R E A D  ---------------

Current thread (0x0000000018338000):  JavaThread "C1 CompilerThread2" daemon [_thread_in_native, id=10896, stack(0x0000000019c80000,0x0000000019d80000)]

Stack: [0x0000000019c80000,0x0000000019d80000]
[error occurred during error reporting (printing stack bounds), id 0xc0000005]

Native frames: (J=compiled Java code, j=interpreted, Vv=VM code, C=native code)


Current CompileTask:
C1:2061067 14190   !   3       com.sun.tools.javac.parser.JavaTokenizer::readToken (2243 bytes)


---------------  P R O C E S S  ---------------

Java Threads: ( => current thread )
  0x000000001cfae000 JavaThread "Cache worker for Java compile cache (D:\AndroidApps\UkulimaIQ\.gradle\4.1\javaCompile)" [_thread_blocked, id=684, stack(0x00000000336b0000,0x00000000337b0000)]
  0x000000001cfa9000 JavaThread "Task worker for ':' Thread 3" [_thread_blocked, id=9448, stack(0x0000000031bb0000,0x0000000031cb0000)]
  0x000000001c684000 JavaThread "Task worker for ':' Thread 2" [_thread_blocked, id=800, stack(0x0000000031ab0000,0x0000000031bb0000)]
  0x000000001c685000 JavaThread "Task worker for ':'" [_thread_blocked, id=7108, stack(0x00000000319b0000,0x0000000031ab0000)]
  0x000000001c683800 JavaThread "Cache worker for task history cache (D:\AndroidApps\UkulimaIQ\.gradle\4.1\taskHistory)" [_thread_blocked, id=1032, stack(0x00000000318b0000,0x00000000319b0000)]
  0x000000001c682800 JavaThread "Cache worker for file content cache (D:\AndroidApps\UkulimaIQ\.gradle\4.1\fileContent)" [_thread_blocked, id=7632, stack(0x00000000317b0000,0x00000000318b0000)]
  0x000000001c67f800 JavaThread "build operations Thread 4" [_thread_blocked, id=4948, stack(0x00000000316b0000,0x00000000317b0000)]
  0x000000001c67f000 JavaThread "build operations Thread 3" [_thread_blocked, id=2140, stack(0x00000000315b0000,0x00000000316b0000)]
  0x000000001c680800 JavaThread "build operations Thread 2" [_thread_blocked, id=3812, stack(0x00000000314b0000,0x00000000315b0000)]
  0x000000001c67c000 JavaThread "build operations" [_thread_blocked, id=10468, stack(0x00000000313b0000,0x00000000314b0000)]
  0x000000001c67e000 JavaThread "Cache worker for Artifact transforms cache (C:\Users\Pondi Brian\.gradle\caches\transforms-1)" [_thread_blocked, id=12484, stack(0x00000000312b0000,0x00000000313b0000)]
  0x000000001c67d800 JavaThread "Cache worker for file hash cache (D:\AndroidApps\UkulimaIQ\.gradle\4.1\fileHashes)" [_thread_blocked, id=4932, stack(0x00000000311b0000,0x00000000312b0000)]
  0x000000001c676000 JavaThread "Stdin handler" [_thread_blocked, id=1236, stack(0x00000000310b0000,0x00000000311b0000)]
  0x000000001c67b000 JavaThread "Asynchronous log dispatcher for DefaultDaemonConnection: socket connection from /127.0.0.1:56615 to /127.0.0.1:56987" [_thread_blocked, id=12800, stack(0x0000000030fb0000,0x00000000310b0000)]
  0x000000001c677800 JavaThread "Daemon worker Thread 3" [_thread_in_native, id=12016, stack(0x0000000030eb0000,0x0000000030fb0000)]
  0x000000001c67c800 JavaThread "Cancel handler" [_thread_blocked, id=10236, stack(0x0000000030db0000,0x0000000030eb0000)]
  0x000000001c679000 JavaThread "Handler for socket connection from /127.0.0.1:56615 to /127.0.0.1:56987" [_thread_in_native, id=11552, stack(0x0000000030cb0000,0x0000000030db0000)]
  0x000000001c679800 JavaThread "Daemon Thread 3" [_thread_blocked, id=9032, stack(0x0000000030bb0000,0x0000000030cb0000)]
  0x000000001c676800 JavaThread "Memory manager" [_thread_blocked, id=13824, stack(0x0000000023780000,0x0000000023880000)]
  0x000000001cfac000 JavaThread "pool-1-thread-1" [_thread_blocked, id=6984, stack(0x0000000023480000,0x0000000023580000)]
  0x000000001c26d000 JavaThread "File lock request listener" [_thread_in_native, id=8300, stack(0x000000001e940000,0x000000001ea40000)]
  0x000000001c26c800 JavaThread "Cache worker for file hash cache (C:\Users\Pondi Brian\.gradle\caches\4.1\fileHashes)" [_thread_blocked, id=4456, stack(0x000000001e840000,0x000000001e940000)]
  0x000000001c19b000 JavaThread "Daemon periodic checks" [_thread_blocked, id=2640, stack(0x000000001df40000,0x000000001e040000)]
  0x000000001c199800 JavaThread "Incoming local TCP Connector on port 56615" [_thread_in_native, id=5992, stack(0x000000001cc40000,0x000000001cd40000)]
  0x0000000019da8800 JavaThread "Service Thread" daemon [_thread_blocked, id=4740, stack(0x000000001a180000,0x000000001a280000)]
=>0x0000000018338000 JavaThread "C1 CompilerThread2" daemon [_thread_in_native, id=10896, stack(0x0000000019c80000,0x0000000019d80000)]
  0x0000000018331000 JavaThread "C2 CompilerThread1" daemon [_thread_blocked, id=6044, stack(0x0000000019b80000,0x0000000019c80000)]
  0x000000001832e000 JavaThread "C2 CompilerThread0" daemon [_thread_blocked, id=792, stack(0x0000000019a80000,0x0000000019b80000)]
  0x000000001832d000 JavaThread "Attach Listener" daemon [_thread_blocked, id=2508, stack(0x0000000019980000,0x0000000019a80000)]
  0x000000001832c000 JavaThread "Signal Dispatcher" daemon [_thread_blocked, id=1348, stack(0x0000000019880000,0x0000000019980000)]
  0x0000000018318800 JavaThread "Finalizer" daemon [_thread_blocked, id=10692, stack(0x0000000019590000,0x0000000019690000)]
  0x00000000182f7800 JavaThread "Reference Handler" daemon [_thread_blocked, id=4560, stack(0x0000000019490000,0x0000000019590000)]
  0x00000000030de800 JavaThread "main" [_thread_blocked, id=13956, stack(0x0000000002fd0000,0x00000000030d0000)]

Other Threads:
  0x00000000182f5800 VMThread [stack: 0x0000000019390000,0x0000000019490000] [id=1016]
  0x000000001838e800 WatcherThread [stack: 0x000000001a280000,0x000000001a380000] [id=13568]

VM state:not at safepoint (normal execution)

VM Mutex/Monitor currently owned by a thread: None

Heap:
 PSYoungGen      total 420352K, used 288971K [0x00000000e0000000, 0x00000000fc680000, 0x0000000100000000)
  eden space 391680K, 73% used [0x00000000e0000000,0x00000000f1a32c98,0x00000000f7e80000)
  from space 28672K, 0% used [0x00000000faa80000,0x00000000faa80000,0x00000000fc680000)
  to   space 36864K, 0% used [0x00000000f7e80000,0x00000000f7e80000,0x00000000fa280000)
 ParOldGen       total 178176K, used 60394K [0x00000000a0000000, 0x00000000aae00000, 0x00000000e0000000)
  object space 178176K, 33% used [0x00000000a0000000,0x00000000a3afaa50,0x00000000aae00000)
 Metaspace       used 73114K, capacity 77050K, committed 77184K, reserved 1116160K
  class space    used 9653K, capacity 10601K, committed 10624K, reserved 1048576K

Card table byte_map: [0x0000000013d80000,0x0000000014090000] byte_map_base: 0x0000000013880000

Marking Bits: (ParMarkBitMap*) 0x000000006c713950
 Begin Bits: [0x0000000014690000, 0x0000000015e90000)
 End Bits:   [0x0000000015e90000, 0x0000000017690000)

Polling page: 0x0000000002b60000

CodeCache: size=245760Kb used=39739Kb max_used=39824Kb free=206020Kb
 bounds [0x00000000049c0000, 0x00000000070e0000, 0x00000000139c0000]
 total_blobs=12510 nmethods=11674 adapters=747
 compilation: enabled

Compilation events (10 events):
Event: 2060.627 Thread 0x0000000018338000 nmethod 14185 0x0000000004ac2cd0 code [0x0000000004ac2e60, 0x0000000004ac31f8]
Event: 2060.628 Thread 0x0000000018338000 14186       3       com.sun.tools.javac.parser.Tokens$Token::<init> (30 bytes)
Event: 2060.628 Thread 0x0000000018338000 nmethod 14186 0x000000000517ca90 code [0x000000000517cc00, 0x000000000517cea8]
Event: 2060.629 Thread 0x0000000018338000 14187       3       com.sun.tools.javac.parser.JavacParser::nextToken (23 bytes)
Event: 2060.629 Thread 0x0000000018338000 nmethod 14187 0x000000000546c650 code [0x000000000546c7e0, 0x000000000546cb08]
Event: 2060.630 Thread 0x0000000018338000 14188       1       com.sun.tools.javac.util.List$1::isEmpty (2 bytes)
Event: 2060.630 Thread 0x0000000018338000 nmethod 14188 0x0000000004e49fd0 code [0x0000000004e4a120, 0x0000000004e4a230]
Event: 2060.631 Thread 0x0000000018338000 14189       1       com.sun.tools.javac.parser.Tokens$NamedToken::name (5 bytes)
Event: 2060.631 Thread 0x0000000018338000 nmethod 14189 0x000000000591b010 code [0x000000000591b160, 0x000000000591b270]
Event: 2060.856 Thread 0x0000000018338000 14190   !   3       com.sun.tools.javac.parser.JavaTokenizer::readToken (2243 bytes)

GC Heap History (10 events):
Event: 188.519 GC heap before
{Heap before GC invocations=16 (full 3):
 PSYoungGen      total 274944K, used 274567K [0x00000000e0000000, 0x00000000f3380000, 0x0000000100000000)
  eden space 264192K, 100% used [0x00000000e0000000,0x00000000f0200000,0x00000000f0200000)
  from space 10752K, 96% used [0x00000000f2900000,0x00000000f3321ed8,0x00000000f3380000)
  to   space 19968K, 0% used [0x00000000f0c80000,0x00000000f0c80000,0x00000000f2000000)
 ParOldGen       total 133120K, used 47351K [0x00000000a0000000, 0x00000000a8200000, 0x00000000e0000000)
  object space 133120K, 35% used [0x00000000a0000000,0x00000000a2e3de50,0x00000000a8200000)
 Metaspace       used 65216K, capacity 68622K, committed 68736K, reserved 1107968K
  class space    used 8702K, capacity 9507K, committed 9600K, reserved 1048576K
Event: 188.535 GC heap after
Heap after GC invocations=16 (full 3):
 PSYoungGen      total 294912K, used 15094K [0x00000000e0000000, 0x00000000f6280000, 0x0000000100000000)
  eden space 274944K, 0% used [0x00000000e0000000,0x00000000e0000000,0x00000000f0c80000)
  from space 19968K, 75% used [0x00000000f0c80000,0x00000000f1b3da48,0x00000000f2000000)
  to   space 20480K, 0% used [0x00000000f4e80000,0x00000000f4e80000,0x00000000f6280000)
 ParOldGen       total 133120K, used 47359K [0x00000000a0000000, 0x00000000a8200000, 0x00000000e0000000)
  object space 133120K, 35% used [0x00000000a0000000,0x00000000a2e3fe50,0x00000000a8200000)
 Metaspace       used 65216K, capacity 68622K, committed 68736K, reserved 1107968K
  class space    used 8702K, capacity 9507K, committed 9600K, reserved 1048576K
}
Event: 189.644 GC heap before
{Heap before GC invocations=17 (full 3):
 PSYoungGen      total 294912K, used 290038K [0x00000000e0000000, 0x00000000f6280000, 0x0000000100000000)
  eden space 274944K, 100% used [0x00000000e0000000,0x00000000f0c80000,0x00000000f0c80000)
  from space 19968K, 75% used [0x00000000f0c80000,0x00000000f1b3da48,0x00000000f2000000)
  to   space 20480K, 0% used [0x00000000f4e80000,0x00000000f4e80000,0x00000000f6280000)
 ParOldGen       total 133120K, used 47359K [0x00000000a0000000, 0x00000000a8200000, 0x00000000e0000000)
  object space 133120K, 35% used [0x00000000a0000000,0x00000000a2e3fe50,0x00000000a8200000)
 Metaspace       used 66025K, capacity 69500K, committed 69632K, reserved 1110016K
  class space    used 8787K, capacity 9606K, committed 9728K, reserved 1048576K
Event: 189.714 GC heap after
Heap after GC invocations=17 (full 3):
 PSYoungGen      total 324096K, used 20450K [0x00000000e0000000, 0x00000000fb600000, 0x0000000100000000)
  eden space 303616K, 0% used [0x00000000e0000000,0x00000000e0000000,0x00000000f2880000)
  from space 20480K, 99% used [0x00000000f4e80000,0x00000000f6278988,0x00000000f6280000)
  to   space 38912K, 0% used [0x00000000f2880000,0x00000000f2880000,0x00000000f4e80000)
 ParOldGen       total 133120K, used 89714K [0x00000000a0000000, 0x00000000a8200000, 0x00000000e0000000)
  object space 133120K, 67% used [0x00000000a0000000,0x00000000a579cbb8,0x00000000a8200000)
 Metaspace       used 66025K, capacity 69500K, committed 69632K, reserved 1110016K
  class space    used 8787K, capacity 9606K, committed 9728K, reserved 1048576K
}
Event: 193.524 GC heap before
{Heap before GC invocations=18 (full 3):
 PSYoungGen      total 324096K, used 324066K [0x00000000e0000000, 0x00000000fb600000, 0x0000000100000000)
  eden space 303616K, 100% used [0x00000000e0000000,0x00000000f2880000,0x00000000f2880000)
  from space 20480K, 99% used [0x00000000f4e80000,0x00000000f6278988,0x00000000f6280000)
  to   space 38912K, 0% used [0x00000000f2880000,0x00000000f2880000,0x00000000f4e80000)
 ParOldGen       total 133120K, used 89714K [0x00000000a0000000, 0x00000000a8200000, 0x00000000e0000000)
  object space 133120K, 67% used [0x00000000a0000000,0x00000000a579cbb8,0x00000000a8200000)
 Metaspace       used 67097K, capacity 70588K, committed 70784K, reserved 1110016K
  class space    used 8916K, capacity 9768K, committed 9856K, reserved 1048576K
Event: 193.547 GC heap after
Heap after GC invocations=18 (full 3):
 PSYoungGen      total 342528K, used 15310K [0x00000000e0000000, 0x00000000fce80000, 0x0000000100000000)
  eden space 303616K, 0% used [0x00000000e0000000,0x00000000e0000000,0x00000000f2880000)
  from space 38912K, 39% used [0x00000000f2880000,0x00000000f3773b98,0x00000000f4e80000)
  to   space 36864K, 0% used [0x00000000faa80000,0x00000000faa80000,0x00000000fce80000)
 ParOldGen       total 133120K, used 100184K [0x00000000a0000000, 0x00000000a8200000, 0x00000000e0000000)
  object space 133120K, 75% used [0x00000000a0000000,0x00000000a61d62f0,0x00000000a8200000)
 Metaspace       used 67097K, capacity 70588K, committed 70784K, reserved 1110016K
  class space    used 8916K, capacity 9768K, committed 9856K, reserved 1048576K
}
Event: 195.011 GC heap before
{Heap before GC invocations=19 (full 3):
 PSYoungGen      total 342528K, used 318425K [0x00000000e0000000, 0x00000000fce80000, 0x0000000100000000)
  eden space 303616K, 99% used [0x00000000e0000000,0x00000000f2802b50,0x00000000f2880000)
  from space 38912K, 39% used [0x00000000f2880000,0x00000000f3773b98,0x00000000f4e80000)
  to   space 36864K, 0% used [0x00000000faa80000,0x00000000faa80000,0x00000000fce80000)
 ParOldGen       total 133120K, used 100184K [0x00000000a0000000, 0x00000000a8200000, 0x00000000e0000000)
  object space 133120K, 75% used [0x00000000a0000000,0x00000000a61d62f0,0x00000000a8200000)
 Metaspace       used 67259K, capacity 70824K, committed 71040K, reserved 1110016K
  class space    used 8920K, capacity 9774K, committed 9856K, reserved 1048576K
Event: 195.020 GC heap after
Heap after GC invocations=19 (full 3):
 PSYoungGen      total 420352K, used 2463K [0x00000000e0000000, 0x00000000fc680000, 0x0000000100000000)
  eden space 391680K, 0% used [0x00000000e0000000,0x00000000e0000000,0x00000000f7e80000)
  from space 28672K, 8% used [0x00000000faa80000,0x00000000face7fe0,0x00000000fc680000)
  to   space 36864K, 0% used [0x00000000f7e80000,0x00000000f7e80000,0x00000000fa280000)
 ParOldGen       total 133120K, used 110348K [0x00000000a0000000, 0x00000000a8200000, 0x00000000e0000000)
  object space 133120K, 82% used [0x00000000a0000000,0x00000000a6bc3190,0x00000000a8200000)
 Metaspace       used 67259K, capacity 70824K, committed 71040K, reserved 1110016K
  class space    used 8920K, capacity 9774K, committed 9856K, reserved 1048576K
}
Event: 195.020 GC heap before
{Heap before GC invocations=20 (full 4):
 PSYoungGen      total 420352K, used 2463K [0x00000000e0000000, 0x00000000fc680000, 0x0000000100000000)
  eden space 391680K, 0% used [0x00000000e0000000,0x00000000e0000000,0x00000000f7e80000)
  from space 28672K, 8% used [0x00000000faa80000,0x00000000face7fe0,0x00000000fc680000)
  to   space 36864K, 0% used [0x00000000f7e80000,0x00000000f7e80000,0x00000000fa280000)
 ParOldGen       total 133120K, used 110348K [0x00000000a0000000, 0x00000000a8200000, 0x00000000e0000000)
  object space 133120K, 82% used [0x00000000a0000000,0x00000000a6bc3190,0x00000000a8200000)
 Metaspace       used 67259K, capacity 70824K, committed 71040K, reserved 1110016K
  class space    used 8920K, capacity 9774K, committed 9856K, reserved 1048576K
Event: 195.176 GC heap after
Heap after GC invocations=20 (full 4):
 PSYoungGen      total 420352K, used 0K [0x00000000e0000000, 0x00000000fc680000, 0x0000000100000000)
  eden space 391680K, 0% used [0x00000000e0000000,0x00000000e0000000,0x00000000f7e80000)
  from space 28672K, 0% used [0x00000000faa80000,0x00000000faa80000,0x00000000fc680000)
  to   space 36864K, 0% used [0x00000000f7e80000,0x00000000f7e80000,0x00000000fa280000)
 ParOldGen       total 178176K, used 60394K [0x00000000a0000000, 0x00000000aae00000, 0x00000000e0000000)
  object space 178176K, 33% used [0x00000000a0000000,0x00000000a3afaa50,0x00000000aae00000)
 Metaspace       used 67259K, capacity 70824K, committed 71040K, reserved 1110016K
  class space    used 8920K, capacity 9774K, committed 9856K, reserved 1048576K
}

Deoptimization events (10 events):
Event: 2057.184 Thread 0x000000001c677800 Uncommon trap: reason=class_check action=maybe_recompile pc=0x0000000006887830 method=org.gradle.api.internal.file.pattern.FixedStepPathMatcher.matches([Ljava/lang/String;I)Z @ 48
Event: 2057.184 Thread 0x000000001c677800 Uncommon trap: reason=class_check action=maybe_recompile pc=0x0000000006887830 method=org.gradle.api.internal.file.pattern.FixedStepPathMatcher.matches([Ljava/lang/String;I)Z @ 48
Event: 2057.184 Thread 0x000000001c677800 Uncommon trap: reason=unstable_if action=reinterpret pc=0x00000000064fb028 method=org.gradle.api.internal.file.pattern.HasPrefixAndSuffixPatternStep.matches(Ljava/lang/String;)Z @ 8
Event: 2057.190 Thread 0x000000001c677800 Uncommon trap: reason=unstable_if action=reinterpret pc=0x00000000070bd4a8 method=org.gradle.api.internal.file.pattern.FixedStepPathMatcher.matches([Ljava/lang/String;I)Z @ 18
Event: 2057.675 Thread 0x000000001c677800 Uncommon trap: reason=unstable_if action=reinterpret pc=0x0000000005b9d758 method=java.lang.ClassLoader.checkCerts(Ljava/lang/String;Ljava/security/CodeSource;)V @ 45
Event: 2057.675 Thread 0x000000001c677800 Uncommon trap: reason=class_check action=maybe_recompile pc=0x0000000005c238c8 method=java.lang.ClassLoader.checkPackageAccess(Ljava/lang/Class;Ljava/security/ProtectionDomain;)V @ 115
Event: 2057.676 Thread 0x000000001c677800 Uncommon trap: reason=class_check action=maybe_recompile pc=0x0000000005c238c8 method=java.lang.ClassLoader.checkPackageAccess(Ljava/lang/Class;Ljava/security/ProtectionDomain;)V @ 115
Event: 2057.676 Thread 0x000000001c677800 Uncommon trap: reason=class_check action=maybe_recompile pc=0x0000000005c238c8 method=java.lang.ClassLoader.checkPackageAccess(Ljava/lang/Class;Ljava/security/ProtectionDomain;)V @ 115
Event: 2057.676 Thread 0x000000001c677800 Uncommon trap: reason=class_check action=maybe_recompile pc=0x0000000005c238c8 method=java.lang.ClassLoader.checkPackageAccess(Ljava/lang/Class;Ljava/security/ProtectionDomain;)V @ 115
Event: 2060.244 Thread 0x000000001c677800 Uncommon trap: reason=unstable_if action=reinterpret pc=0x0000000005812fe8 method=java.lang.StringCoding$StringDecoder.decode([BII)[C @ 20

Classes redefined (0 events):
No events

Internal exceptions (10 events):
Event: 2050.580 Thread 0x000000001c677800 Implicit null exception at 0x000000000542d79e to 0x000000000542d921
Event: 2050.883 Thread 0x000000001c677800 Implicit null exception at 0x0000000006e3dc39 to 0x0000000006e3de49
Event: 2050.888 Thread 0x000000001c677800 Implicit null exception at 0x0000000006e6f7a9 to 0x0000000006e70965
Event: 2050.888 Thread 0x000000001c677800 Implicit null exception at 0x0000000005398a9a to 0x0000000005398aed
Event: 2050.896 Thread 0x000000001c677800 Implicit null exception at 0x0000000006e4ed75 to 0x0000000006e4edf9
Event: 2051.187 Thread 0x000000001c677800 Implicit null exception at 0x0000000006e9b830 to 0x0000000006e9bbdd
Event: 2051.188 Thread 0x000000001c677800 Implicit null exception at 0x0000000006e95e27 to 0x0000000006e96099
Event: 2053.364 Thread 0x000000001c677800 Implicit null exception at 0x00000000067457af to 0x0000000006745dc5
Event: 2054.005 Thread 0x000000001c677800 Implicit null exception at 0x0000000006fc6d5b to 0x0000000006fc7391
Event: 2054.380 Thread 0x000000001c677800 Implicit null exception at 0x0000000006fdae7c to 0x0000000006fdb489

Events (10 events):
Event: 2060.628 Thread 0x0000000018338000 flushing nmethod 0x0000000005547cd0
Event: 2060.628 Thread 0x0000000018338000 flushing nmethod 0x0000000005567290
Event: 2060.629 Thread 0x0000000018338000 flushing nmethod 0x000000000568c310
Event: 2060.629 Thread 0x0000000018338000 flushing nmethod 0x000000000572c750
Event: 2060.630 Thread 0x0000000018338000 flushing nmethod 0x000000000591b010
Event: 2060.630 Thread 0x0000000018338000 flushing nmethod 0x00000000059a3a10
Event: 2060.630 Thread 0x0000000018338000 flushing nmethod 0x0000000005a0c350
Event: 2060.630 Thread 0x0000000018338000 flushing nmethod 0x0000000005a353d0
Event: 2060.856 loading class com/sun/tools/javac/parser/JavaTokenizer$BasicComment
Event: 2060.856 loading class com/sun/tools/javac/parser/JavaTokenizer$BasicComment done


Dynamic libraries:
0x00007ff7ba040000 - 0x00007ff7ba071000 	C:\Program Files\Android\Android Studio\jre\bin\java.exe
0x00007ffa2e450000 - 0x00007ffa2e630000 	C:\WINDOWS\SYSTEM32\ntdll.dll
0x00007ffa2cdc0000 - 0x00007ffa2ce6e000 	C:\WINDOWS\System32\KERNEL32.DLL
0x00007ffa2b5c0000 - 0x00007ffa2b826000 	C:\WINDOWS\System32\KERNELBASE.dll
0x00007ffa2e2c0000 - 0x00007ffa2e361000 	C:\WINDOWS\System32\ADVAPI32.dll
0x00007ffa2cd20000 - 0x00007ffa2cdbd000 	C:\WINDOWS\System32\msvcrt.dll
0x00007ffa2e3a0000 - 0x00007ffa2e3fb000 	C:\WINDOWS\System32\sechost.dll
0x00007ffa2bd10000 - 0x00007ffa2be2f000 	C:\WINDOWS\System32\RPCRT4.dll
0x00007ffa2bac0000 - 0x00007ffa2bc4f000 	C:\WINDOWS\System32\USER32.dll
0x00007ffa2b000000 - 0x00007ffa2b020000 	C:\WINDOWS\System32\win32u.dll
0x00007ffa2e370000 - 0x00007ffa2e398000 	C:\WINDOWS\System32\GDI32.dll
0x00007ffa2b420000 - 0x00007ffa2b5b3000 	C:\WINDOWS\System32\gdi32full.dll
0x00007ffa2b880000 - 0x00007ffa2b91b000 	C:\WINDOWS\System32\msvcp_win.dll
0x00007ffa2b020000 - 0x00007ffa2b116000 	C:\WINDOWS\System32\ucrtbase.dll
0x00007ffa0ea80000 - 0x00007ffa0ece9000 	C:\WINDOWS\WinSxS\amd64_microsoft.windows.common-controls_6595b64144ccf1df_6.0.16299.248_none_15ced204935f55d7\COMCTL32.dll
0x00007ffa2c070000 - 0x00007ffa2c378000 	C:\WINDOWS\System32\combase.dll
0x00007ffa2b120000 - 0x00007ffa2b192000 	C:\WINDOWS\System32\bcryptPrimitives.dll
0x00007ffa2c380000 - 0x00007ffa2c3ad000 	C:\WINDOWS\System32\IMM32.DLL
0x000000006d820000 - 0x000000006d8f2000 	C:\Program Files\Android\Android Studio\jre\jre\bin\msvcr100.dll
0x000000006bf50000 - 0x000000006c78e000 	C:\Program Files\Android\Android Studio\jre\jre\bin\server\jvm.dll
0x00007ffa2e2b0000 - 0x00007ffa2e2b8000 	C:\WINDOWS\System32\PSAPI.DLL
0x00007ffa27e60000 - 0x00007ffa27e69000 	C:\WINDOWS\SYSTEM32\WSOCK32.dll
0x00007ffa1c240000 - 0x00007ffa1c24a000 	C:\WINDOWS\SYSTEM32\VERSION.dll
0x00007ffa22440000 - 0x00007ffa22463000 	C:\WINDOWS\SYSTEM32\WINMM.dll
0x00007ffa2c800000 - 0x00007ffa2c86c000 	C:\WINDOWS\System32\WS2_32.dll
0x00007ffa22100000 - 0x00007ffa2212a000 	C:\WINDOWS\SYSTEM32\winmmbase.dll
0x00007ffa2b830000 - 0x00007ffa2b87a000 	C:\WINDOWS\System32\cfgmgr32.dll
0x00007ffa250e0000 - 0x00007ffa250ef000 	C:\Program Files\Android\Android Studio\jre\jre\bin\verify.dll
0x00007ffa1c5f0000 - 0x00007ffa1c619000 	C:\Program Files\Android\Android Studio\jre\jre\bin\java.dll
0x00007ffa224f0000 - 0x00007ffa22506000 	C:\Program Files\Android\Android Studio\jre\jre\bin\zip.dll
0x00007ffa2ce70000 - 0x00007ffa2e2a6000 	C:\WINDOWS\System32\SHELL32.dll
0x00007ffa2bc60000 - 0x00007ffa2bd06000 	C:\WINDOWS\System32\shcore.dll
0x00007ffa2a8b0000 - 0x00007ffa2aff7000 	C:\WINDOWS\System32\windows.storage.dll
0x00007ffa2c010000 - 0x00007ffa2c061000 	C:\WINDOWS\System32\shlwapi.dll
0x00007ffa2a830000 - 0x00007ffa2a841000 	C:\WINDOWS\System32\kernel.appcore.dll
0x00007ffa2a7a0000 - 0x00007ffa2a7ec000 	C:\WINDOWS\System32\powrprof.dll
0x00007ffa2a7f0000 - 0x00007ffa2a80b000 	C:\WINDOWS\System32\profapi.dll
0x00007ffa20f30000 - 0x00007ffa20f4a000 	C:\Program Files\Android\Android Studio\jre\jre\bin\net.dll
0x0000000180000000 - 0x000000018006d000 	C:\WINDOWS\system32\LavasoftTcpService64.dll
0x00007ffa2ca90000 - 0x00007ffa2cbd9000 	C:\WINDOWS\System32\ole32.dll
0x00007ffa2bf40000 - 0x00007ffa2c005000 	C:\WINDOWS\System32\OLEAUT32.dll
0x00007ffa2a030000 - 0x00007ffa2a096000 	C:\WINDOWS\SYSTEM32\MSWSOCK.dll
0x00007ffa29d60000 - 0x00007ffa29d99000 	C:\WINDOWS\SYSTEM32\IPHLPAPI.DLL
0x00007ffa2a6a0000 - 0x00007ffa2a6d0000 	C:\WINDOWS\SYSTEM32\SspiCli.dll
0x00007ffa20a90000 - 0x00007ffa20aa1000 	C:\Program Files\Android\Android Studio\jre\jre\bin\nio.dll
0x00007ffa28650000 - 0x00007ffa286e5000 	C:\WINDOWS\system32\uxtheme.dll
0x00007ffa1bb40000 - 0x00007ffa1bb5e000 	C:\Users\Pondi Brian\.gradle\native\25\windows-amd64\native-platform.dll
0x00007ffa2c870000 - 0x00007ffa2c90e000 	C:\WINDOWS\System32\clbcatq.dll
0x00007ffa2a600000 - 0x00007ffa2a69a000 	C:\WINDOWS\SYSTEM32\sxs.dll
0x00007ffa250c0000 - 0x00007ffa250cd000 	C:\Program Files\Android\Android Studio\jre\jre\bin\management.dll
0x00007ffa2a1f0000 - 0x00007ffa2a207000 	C:\WINDOWS\SYSTEM32\CRYPTSP.dll
0x00007ffa29be0000 - 0x00007ffa29c13000 	C:\WINDOWS\system32\rsaenh.dll
0x00007ffa2a300000 - 0x00007ffa2a325000 	C:\WINDOWS\SYSTEM32\bcrypt.dll
0x00007ffa2a6d0000 - 0x00007ffa2a6f9000 	C:\WINDOWS\SYSTEM32\USERENV.dll
0x00007ffa2a210000 - 0x00007ffa2a21b000 	C:\WINDOWS\SYSTEM32\CRYPTBASE.dll
0x00007ffa2c910000 - 0x00007ffa2c918000 	C:\WINDOWS\System32\NSI.dll
0x00007ffa244b0000 - 0x00007ffa244c6000 	C:\WINDOWS\SYSTEM32\dhcpcsvc6.DLL
0x00007ffa24490000 - 0x00007ffa244aa000 	C:\WINDOWS\SYSTEM32\dhcpcsvc.DLL

VM Arguments:
jvm_args: -Xmx1536m -Dfile.encoding=windows-1252 -Duser.country=US -Duser.language=en -Duser.variant 
java_command: org.gradle.launcher.daemon.bootstrap.GradleDaemon 4.1
java_class_path (initial): C:\Users\Pondi Brian\.gradle\wrapper\dists\gradle-4.1-all\bzyivzo6n839fup2jbap0tjew\gradle-4.1\lib\gradle-launcher-4.1.jar
Launcher Type: SUN_STANDARD

Environment Variables:
PATH=C:\ProgramData\Oracle\Java\javapath;C:\Users\Bpondi\AppData\Local\Programs\Python\Python35\Lib\site-packages\PyQt5;c:\Windows\System32\;C:\Program Files\nodejs\;C:\Program Files (x86)\Google\Cloud SDK\google-cloud-sdk\bin;C:\Program Files (x86)\Skype\Phone\;C:\Anaconda3;C:\Anaconda3\Scripts;C:\Anaconda3\Library\bin;%SystemRoot%\system32;%SystemRoot%;%SystemRoot%\System32\Wbem;%SYSTEMROOT%\System32\WindowsPowerShell\v1.0\;C:\Users\Pondi Brian\AppData\Local\Microsoft\WindowsApps;C:\Users\Pondi Brian\AppData\Local\GitHubDesktop\bin;%USERPROFILE%\AppData\Local\Microsoft\WindowsApps;
USERNAME=Pondi Brian
OS=Windows_NT
PROCESSOR_IDENTIFIER=Intel64 Family 6 Model 78 Stepping 3, GenuineIntel



---------------  S Y S T E M  ---------------

OS: Windows 10.0 , 64 bit Build 16299 (10.0.16299.15)

CPU:total 4 (initial active 4) (2 cores per cpu, 2 threads per core) family 6 model 78 stepping 3, cmov, cx8, fxsr, mmx, sse, sse2, sse3, ssse3, sse4.1, sse4.2, popcnt, avx, avx2, aes, clmul, erms, rtm, 3dnowpref, lzcnt, ht, tsc, tscinvbit, bmi1, bmi2, adx

Memory: 4k page, physical 7785840k(1046084k free), swap 9676144k(40k free)

vm_info: OpenJDK 64-Bit Server VM (25.152-b01) for windows-amd64 JRE (1.8.0_152-release-915-b01), built by "builder" with MS VC++ 10.0 (VS2010)

time: Mon Feb 26 21:48:24 2018
elapsed time: 2060 seconds (0d 0h 34m 20s)

